MapCalibrator-master/app/build/outputs/logs/manifest-merger-debug-report.txt
-- Merging decision tree log ---
manifest
ADDED from AndroidManifest.xml:2:1
	xmlns:android
		ADDED from AndroidManifest.xml:2:11
	package
		ADDED from AndroidManifest.xml:3:7
		INJECTED from AndroidManifest.xml:0:0
		INJECTED from AndroidManifest.xml:0:0
	android:versionName
		ADDED from AndroidManifest.xml:4:63
	android:versionCode
		ADDED from AndroidManifest.xml:4:38
		INJECTED from AndroidManifest.xml:0:0
		INJECTED from AndroidManifest.xml:0:0
	android:installLocation
		ADDED from AndroidManifest.xml:4:7
uses-permission#android.permission.ACCESS_FINE_LOCATION
ADDED from AndroidManifest.xml:6:5
	android:name
		ADDED from AndroidManifest.xml:6:22
uses-permission#android.permission.WRITE_EXTERNAL_STORAGE
ADDED from AndroidManifest.xml:7:2
	android:name
		ADDED from AndroidManifest.xml:7:19
uses-sdk
ADDED from AndroidManifest.xml:8:2
	android:targetSdkVersion
		ADDED from AndroidManifest.xml:8:38
		INJECTED from AndroidManifest.xml:0:0
		INJECTED from AndroidManifest.xml:0:0
	android:minSdkVersion
		ADDED from AndroidManifest.xml:8:12
		INJECTED from AndroidManifest.xml:0:0
		INJECTED from AndroidManifest.xml:0:0
supports-screens
ADDED from AndroidManifest.xml:9:5
	android:largeScreens
		ADDED from AndroidManifest.xml:11:5
	android:anyDensity
		ADDED from AndroidManifest.xml:14:5
	android:normalScreens
		ADDED from AndroidManifest.xml:12:5
	android:xlargeScreens
		ADDED from AndroidManifest.xml:10:5
	android:smallScreens
		ADDED from AndroidManifest.xml:13:5
application
ADDED from AndroidManifest.xml:15:5
	android:label
		ADDED from AndroidManifest.xml:15:19
activity#com.Martin.MapCalibrator.MapCalibrator
ADDED from AndroidManifest.xml:16:9
	android:label
		ADDED from AndroidManifest.xml:17:19
	android:configChanges
		ADDED from AndroidManifest.xml:18:19
	android:name
		ADDED from AndroidManifest.xml:16:19
intent-filter#android.intent.action.MAIN+android.intent.category.LAUNCHER
ADDED from AndroidManifest.xml:19:13
action#android.intent.action.MAIN
ADDED from AndroidManifest.xml:20:17
	android:name
		ADDED from AndroidManifest.xml:20:25
category#android.intent.category.LAUNCHER
ADDED from AndroidManifest.xml:21:17
	android:name
		ADDED from AndroidManifest.xml:21:27
activity#com.Martin.MapCalibrator.CoordinateList
ADDED from AndroidManifest.xml:24:9
	android:exported
		ADDED from AndroidManifest.xml:24:50
	android:name
		ADDED from AndroidManifest.xml:24:19
activity#com.Martin.MapCalibrator.MapActivity
ADDED from AndroidManifest.xml:26:9
	android:exported
		ADDED from AndroidManifest.xml:26:71
	android:name
		ADDED from AndroidManifest.xml:26:19
activity#com.Martin.MapCalibrator.MapDetailsActivity
ADDED from AndroidManifest.xml:27:9
	android:windowSoftInputMode
		ADDED from AndroidManifest.xml:30:13
	android:exported
		ADDED from AndroidManifest.xml:29:13
	android:name
		ADDED from AndroidManifest.xml:28:13
activity#com.Martin.MapCalibrator.MyPreferencesActivity
ADDED from AndroidManifest.xml:32:9
	android:exported
		ADDED from AndroidManifest.xml:32:57
	android:name
		ADDED from AndroidManifest.xml:32:19